app/build/intermediates/manifest_merge_blame_file/debug/manifest-merger-blame-debug-report.txt
1<?xml version="1.0" encoding="utf-8"?>
2<manifest xmlns:android="http://schemas.android.com/apk/res/android"
3    package="org.schabi.newpipe.debug"
4    android:installLocation="auto"
5    android:versionCode="975"
6    android:versionName="0.21.9" >
7
8    <uses-sdk
9        android:minSdkVersion="19"
10        android:targetSdkVersion="29" />
11
12    <uses-permission android:name="android.permission.INTERNET" />
12-->src\main\AndroidManifest.xml:7:5-67
12-->src\main\AndroidManifest.xml:7:22-64
13    <uses-permission android:name="android.permission.WAKE_LOCK" />
13-->src\main\AndroidManifest.xml:8:5-68
13-->src\main\AndroidManifest.xml:8:22-65
14    <uses-permission android:name="android.permission.ACCESS_NETWORK_STATE" />
14-->src\main\AndroidManifest.xml:9:5-79
14-->src\main\AndroidManifest.xml:9:22-76
15    <uses-permission android:name="android.permission.WRITE_EXTERNAL_STORAGE" />
15-->src\main\AndroidManifest.xml:10:5-81
15-->src\main\AndroidManifest.xml:10:22-78
16    <uses-permission android:name="android.permission.SYSTEM_ALERT_WINDOW" />
16-->src\main\AndroidManifest.xml:11:5-78
16-->src\main\AndroidManifest.xml:11:22-75
17    <uses-permission android:name="android.permission.FOREGROUND_SERVICE" />
17-->src\main\AndroidManifest.xml:12:5-77
17-->src\main\AndroidManifest.xml:12:22-74
18
19    <uses-feature
19-->src\main\AndroidManifest.xml:14:5-16:36
20        android:name="android.hardware.touchscreen"
20-->src\main\AndroidManifest.xml:15:9-52
21        android:required="false" />
21-->src\main\AndroidManifest.xml:16:9-33
22
23    <queries>
23-->[androidx.media:media:1.3.1] AndroidManifest.xml:24:5-28:15
24        <intent>
24-->[androidx.media:media:1.3.1] AndroidManifest.xml:25:9-27:18
25            <action android:name="android.media.browse.MediaBrowserService" />
25-->[androidx.media:media:1.3.1] AndroidManifest.xml:26:13-79
25-->[androidx.media:media:1.3.1] AndroidManifest.xml:26:21-76
26        </intent>
27    </queries> <!-- To store the heap dumps and leak analysis results. -->
28    <uses-permission android:name="android.permission.READ_EXTERNAL_STORAGE" />
28-->[com.squareup.leakcanary:leakcanary-android-core:2.5] AndroidManifest.xml:23:5-80
28-->[com.squareup.leakcanary:leakcanary-android-core:2.5] AndroidManifest.xml:23:22-77
29
30    <application
30-->src\main\AndroidManifest.xml:18:5-369:19
31        android:name="org.schabi.newpipe.DebugApp"
31-->src\main\AndroidManifest.xml:19:9-28
32        android:allowBackup="true"
32-->src\main\AndroidManifest.xml:20:9-35
33        android:appComponentFactory="androidx.core.app.CoreComponentFactory"
33-->[androidx.core:core:1.6.0] AndroidManifest.xml:24:18-86
34        android:banner="@mipmap/newpipe_tv_banner"
34-->src\main\AndroidManifest.xml:21:9-51
35        android:debuggable="true"
36        android:icon="@mipmap/ic_launcher"
36-->src\main\AndroidManifest.xml:22:9-43
37        android:label="@string/app_name"
37-->src\main\AndroidManifest.xml:23:9-41
38        android:logo="@mipmap/ic_launcher"
38-->src\main\AndroidManifest.xml:24:9-43
39        android:resizeableActivity="true"
39-->src\main\AndroidManifest.xml:26:9-42
40        android:testOnly="true"
41        android:theme="@style/OpeningTheme" >
41-->src\main\AndroidManifest.xml:25:9-44
42        <activity
42-->src\main\AndroidManifest.xml:28:9-38:20
43            android:name="org.schabi.newpipe.MainActivity"
43-->src\main\AndroidManifest.xml:29:13-41
44            android:label="@string/app_name"
44-->src\main\AndroidManifest.xml:30:13-45
45            android:launchMode="singleTask" >
45-->src\main\AndroidManifest.xml:31:13-44
46            <intent-filter>
46-->src\main\AndroidManifest.xml:32:13-37:29
47                <action android:name="android.intent.action.MAIN" />
47-->src\main\AndroidManifest.xml:33:17-69
47-->src\main\AndroidManifest.xml:33:25-66
48
49                <category android:name="android.intent.category.LAUNCHER" />
49-->src\main\AndroidManifest.xml:35:17-77
49-->src\main\AndroidManifest.xml:35:27-74
50                <category android:name="android.intent.category.LEANBACK_LAUNCHER" />
50-->src\main\AndroidManifest.xml:36:17-86
50-->src\main\AndroidManifest.xml:36:27-83
51            </intent-filter>
52        </activity>
53
54        <receiver android:name="androidx.media.session.MediaButtonReceiver" >
54-->src\main\AndroidManifest.xml:40:9-44:20
54-->src\main\AndroidManifest.xml:40:19-76
55            <intent-filter>
55-->src\main\AndroidManifest.xml:41:13-43:29
56                <action android:name="android.intent.action.MEDIA_BUTTON" />
56-->src\main\AndroidManifest.xml:42:17-77
56-->src\main\AndroidManifest.xml:42:25-74
57            </intent-filter>
58        </receiver>
59
60        <service
60-->src\main\AndroidManifest.xml:46:9-53:19
61            android:name="org.schabi.newpipe.player.MainPlayer"
61-->src\main\AndroidManifest.xml:47:13-46
62            android:exported="false"
62-->src\main\AndroidManifest.xml:48:13-37
63            android:foregroundServiceType="mediaPlayback" >
63-->src\main\AndroidManifest.xml:49:13-58
64            <intent-filter>
64-->src\main\AndroidManifest.xml:41:13-43:29
65                <action android:name="android.intent.action.MEDIA_BUTTON" />
65-->src\main\AndroidManifest.xml:42:17-77
65-->src\main\AndroidManifest.xml:42:25-74
66            </intent-filter>
67        </service>
68
69        <activity
69-->src\main\AndroidManifest.xml:55:9-58:47
70            android:name="org.schabi.newpipe.player.PlayQueueActivity"
70-->src\main\AndroidManifest.xml:56:13-53
71            android:label="@string/title_activity_play_queue"
71-->src\main\AndroidManifest.xml:57:13-62
72            android:launchMode="singleTask" />
72-->src\main\AndroidManifest.xml:58:13-44
73        <activity
73-->src\main\AndroidManifest.xml:60:9-62:48
74            android:name="org.schabi.newpipe.settings.SettingsActivity"
74-->src\main\AndroidManifest.xml:61:13-54
75            android:label="@string/settings" />
75-->src\main\AndroidManifest.xml:62:13-45
76        <activity
76-->src\main\AndroidManifest.xml:64:9-66:60
77            android:name="org.schabi.newpipe.about.AboutActivity"
77-->src\main\AndroidManifest.xml:65:13-48
78            android:label="@string/title_activity_about" />
78-->src\main\AndroidManifest.xml:66:13-57
79
80        <service android:name="org.schabi.newpipe.local.subscription.services.SubscriptionsImportService" />
80-->src\main\AndroidManifest.xml:68:9-91
80-->src\main\AndroidManifest.xml:68:18-88
81        <service android:name="org.schabi.newpipe.local.subscription.services.SubscriptionsExportService" />
81-->src\main\AndroidManifest.xml:69:9-91
81-->src\main\AndroidManifest.xml:69:18-88
82        <service android:name="org.schabi.newpipe.local.feed.service.FeedLoadService" />
82-->src\main\AndroidManifest.xml:70:9-71
82-->src\main\AndroidManifest.xml:70:18-68
83
84        <activity
84-->src\main\AndroidManifest.xml:72:9-82:20
85            android:name="org.schabi.newpipe.PanicResponderActivity"
85-->src\main\AndroidManifest.xml:73:13-51
86            android:launchMode="singleInstance"
86-->src\main\AndroidManifest.xml:74:13-48
87            android:noHistory="true"
87-->src\main\AndroidManifest.xml:75:13-37
88            android:theme="@android:style/Theme.NoDisplay" >
88-->src\main\AndroidManifest.xml:76:13-59
89            <intent-filter>
89-->src\main\AndroidManifest.xml:77:13-81:29
90                <action android:name="info.guardianproject.panic.action.TRIGGER" />
90-->src\main\AndroidManifest.xml:78:17-84
90-->src\main\AndroidManifest.xml:78:25-81
91
92                <category android:name="android.intent.category.DEFAULT" />
92-->src\main\AndroidManifest.xml:80:17-76
92-->src\main\AndroidManifest.xml:80:27-73
93            </intent-filter>
94        </activity>
95        <activity
95-->src\main\AndroidManifest.xml:84:9-87:62
96            android:name="org.schabi.newpipe.ExitActivity"
96-->src\main\AndroidManifest.xml:85:13-41
97            android:label="@string/general_error"
97-->src\main\AndroidManifest.xml:86:13-50
98            android:theme="@android:style/Theme.NoDisplay" />
98-->src\main\AndroidManifest.xml:87:13-59
99        <activity android:name="org.schabi.newpipe.error.ErrorActivity" /> <!-- giga get related -->
99-->src\main\AndroidManifest.xml:88:9-57
99-->src\main\AndroidManifest.xml:88:19-54
100        <activity
100-->src\main\AndroidManifest.xml:91:9-94:47
101            android:name="org.schabi.newpipe.download.DownloadActivity"
101-->src\main\AndroidManifest.xml:92:13-54
102            android:label="@string/app_name"
102-->src\main\AndroidManifest.xml:93:13-45
103            android:launchMode="singleTask" />
103-->src\main\AndroidManifest.xml:94:13-44
104
105        <service android:name="us.shandian.giga.service.DownloadManagerService" />
105-->src\main\AndroidManifest.xml:96:9-83
105-->src\main\AndroidManifest.xml:96:18-80
106
107        <activity
107-->src\main\AndroidManifest.xml:98:9-106:20
108            android:name="org.schabi.newpipe.util.FilePickerActivityHelper"
108-->src\main\AndroidManifest.xml:99:13-58
109            android:label="@string/app_name"
109-->src\main\AndroidManifest.xml:100:13-45
110            android:theme="@style/FilePickerThemeDark" >
110-->src\main\AndroidManifest.xml:101:13-55
111            <intent-filter>
111-->src\main\AndroidManifest.xml:102:13-105:29
112                <action android:name="android.intent.action.GET_CONTENT" />
112-->src\main\AndroidManifest.xml:103:17-76
112-->src\main\AndroidManifest.xml:103:25-73
113
114                <category android:name="android.intent.category.DEFAULT" />
114-->src\main\AndroidManifest.xml:80:17-76
114-->src\main\AndroidManifest.xml:80:27-73
115            </intent-filter>
116        </activity>
117        <activity
117-->src\main\AndroidManifest.xml:108:9-110:49
118            android:name="org.schabi.newpipe.error.ReCaptchaActivity"
118-->src\main\AndroidManifest.xml:109:13-52
119            android:label="@string/recaptcha" />
119-->src\main\AndroidManifest.xml:110:13-46
120
121        <provider
122            android:name="androidx.core.content.FileProvider"
123            android:authorities="org.schabi.newpipe.debug.provider"
124            android:exported="false"
125            android:grantUriPermissions="true" >
126            <meta-data
126-->[com.squareup.leakcanary:leakcanary-android-core:2.5] AndroidManifest.xml:34:13-36:66
127                android:name="android.support.FILE_PROVIDER_PATHS"
127-->[com.squareup.leakcanary:leakcanary-android-core:2.5] AndroidManifest.xml:35:17-67
128                android:resource="@xml/nnf_provider_paths" />
128-->[com.squareup.leakcanary:leakcanary-android-core:2.5] AndroidManifest.xml:36:17-63
129        </provider>
130
131        <activity
131-->src\main\AndroidManifest.xml:122:9-357:20
132            android:name="org.schabi.newpipe.RouterActivity"
132-->src\main\AndroidManifest.xml:123:13-43
133            android:excludeFromRecents="true"
133-->src\main\AndroidManifest.xml:124:13-46
134            android:label="@string/preferred_open_action_share_menu_title"
134-->src\main\AndroidManifest.xml:125:13-75
135            android:taskAffinity=""
135-->src\main\AndroidManifest.xml:126:13-36
136            android:theme="@style/RouterActivityThemeDark" >
136-->src\main\AndroidManifest.xml:127:13-59
137
138            <!-- Youtube filter -->
139            <intent-filter>
139-->src\main\AndroidManifest.xml:130:13-155:29
140                <action android:name="android.intent.action.VIEW" />
140-->src\main\AndroidManifest.xml:131:17-69
140-->src\main\AndroidManifest.xml:131:25-66
141                <action android:name="android.media.action.MEDIA_PLAY_FROM_SEARCH" />
141-->src\main\AndroidManifest.xml:132:17-86
141-->src\main\AndroidManifest.xml:132:25-83
142                <action android:name="android.nfc.action.NDEF_DISCOVERED" />
142-->src\main\AndroidManifest.xml:133:17-77
142-->src\main\AndroidManifest.xml:133:25-74
143
144                <category android:name="android.intent.category.DEFAULT" />
144-->src\main\AndroidManifest.xml:80:17-76
144-->src\main\AndroidManifest.xml:80:27-73
145                <category android:name="android.intent.category.BROWSABLE" />
145-->src\main\AndroidManifest.xml:136:17-78
145-->src\main\AndroidManifest.xml:136:27-75
146
147                <data android:scheme="http" />
147-->src\main\AndroidManifest.xml:138:17-47
147-->src\main\AndroidManifest.xml:138:23-44
148                <data android:scheme="https" />
148-->src\main\AndroidManifest.xml:138:17-47
148-->src\main\AndroidManifest.xml:138:23-44
149                <data android:host="youtube.com" />
149-->src\main\AndroidManifest.xml:138:17-47
150                <data android:host="m.youtube.com" />
150-->src\main\AndroidManifest.xml:138:17-47
151                <data android:host="www.youtube.com" />
151-->src\main\AndroidManifest.xml:138:17-47
152                <data android:host="music.youtube.com" />
152-->src\main\AndroidManifest.xml:138:17-47
153                <!-- video prefix -->
154                <data android:pathPrefix="/v/" />
154-->src\main\AndroidManifest.xml:138:17-47
155                <data android:pathPrefix="/embed/" />
155-->src\main\AndroidManifest.xml:138:17-47
156                <data android:pathPrefix="/watch" />
156-->src\main\AndroidManifest.xml:138:17-47
157                <data android:pathPrefix="/attribution_link" />
157-->src\main\AndroidManifest.xml:138:17-47
158                <!-- channel prefix -->
159                <data android:pathPrefix="/channel/" />
159-->src\main\AndroidManifest.xml:138:17-47
160                <data android:pathPrefix="/user/" />
160-->src\main\AndroidManifest.xml:138:17-47
161                <data android:pathPrefix="/c/" />
161-->src\main\AndroidManifest.xml:138:17-47
162                <!-- playlist prefix -->
163                <data android:pathPrefix="/playlist" />
163-->src\main\AndroidManifest.xml:138:17-47
164            </intent-filter>
165            <intent-filter>
165-->src\main\AndroidManifest.xml:156:13-168:29
166                <action android:name="android.intent.action.VIEW" />
166-->src\main\AndroidManifest.xml:131:17-69
166-->src\main\AndroidManifest.xml:131:25-66
167                <action android:name="android.media.action.MEDIA_PLAY_FROM_SEARCH" />
167-->src\main\AndroidManifest.xml:132:17-86
167-->src\main\AndroidManifest.xml:132:25-83
168                <action android:name="android.nfc.action.NDEF_DISCOVERED" />
168-->src\main\AndroidManifest.xml:133:17-77
168-->src\main\AndroidManifest.xml:133:25-74
169
170                <category android:name="android.intent.category.DEFAULT" />
170-->src\main\AndroidManifest.xml:80:17-76
170-->src\main\AndroidManifest.xml:80:27-73
171                <category android:name="android.intent.category.BROWSABLE" />
171-->src\main\AndroidManifest.xml:136:17-78
171-->src\main\AndroidManifest.xml:136:27-75
172
173                <data android:scheme="http" />
173-->src\main\AndroidManifest.xml:138:17-47
173-->src\main\AndroidManifest.xml:138:23-44
174                <data android:scheme="https" />
174-->src\main\AndroidManifest.xml:138:17-47
174-->src\main\AndroidManifest.xml:138:23-44
175                <data android:host="youtu.be" />
175-->src\main\AndroidManifest.xml:138:17-47
176                <data android:pathPrefix="/" />
176-->src\main\AndroidManifest.xml:138:17-47
177            </intent-filter>
178            <intent-filter>
178-->src\main\AndroidManifest.xml:169:13-181:29
179                <action android:name="android.intent.action.VIEW" />
179-->src\main\AndroidManifest.xml:131:17-69
179-->src\main\AndroidManifest.xml:131:25-66
180                <action android:name="android.media.action.MEDIA_PLAY_FROM_SEARCH" />
180-->src\main\AndroidManifest.xml:132:17-86
180-->src\main\AndroidManifest.xml:132:25-83
181                <action android:name="android.nfc.action.NDEF_DISCOVERED" />
181-->src\main\AndroidManifest.xml:133:17-77
181-->src\main\AndroidManifest.xml:133:25-74
182
183                <category android:name="android.intent.category.DEFAULT" />
183-->src\main\AndroidManifest.xml:80:17-76
183-->src\main\AndroidManifest.xml:80:27-73
184                <category android:name="android.intent.category.BROWSABLE" />
184-->src\main\AndroidManifest.xml:136:17-78
184-->src\main\AndroidManifest.xml:136:27-75
185
186                <data android:scheme="http" />
186-->src\main\AndroidManifest.xml:138:17-47
186-->src\main\AndroidManifest.xml:138:23-44
187                <data android:scheme="https" />
187-->src\main\AndroidManifest.xml:138:17-47
187-->src\main\AndroidManifest.xml:138:23-44
188                <data android:host="www.youtube-nocookie.com" />
188-->src\main\AndroidManifest.xml:138:17-47
189                <data android:pathPrefix="/embed/" />
189-->src\main\AndroidManifest.xml:138:17-47
190            </intent-filter>
191            <intent-filter>
191-->src\main\AndroidManifest.xml:182:13-192:29
192                <action android:name="android.intent.action.VIEW" />
192-->src\main\AndroidManifest.xml:131:17-69
192-->src\main\AndroidManifest.xml:131:25-66
193                <action android:name="android.media.action.MEDIA_PLAY_FROM_SEARCH" />
193-->src\main\AndroidManifest.xml:132:17-86
193-->src\main\AndroidManifest.xml:132:25-83
194                <action android:name="android.nfc.action.NDEF_DISCOVERED" />
194-->src\main\AndroidManifest.xml:133:17-77
194-->src\main\AndroidManifest.xml:133:25-74
195
196                <category android:name="android.intent.category.DEFAULT" />
196-->src\main\AndroidManifest.xml:80:17-76
196-->src\main\AndroidManifest.xml:80:27-73
197                <category android:name="android.intent.category.BROWSABLE" />
197-->src\main\AndroidManifest.xml:136:17-78
197-->src\main\AndroidManifest.xml:136:27-75
198
199                <data android:scheme="vnd.youtube" />
199-->src\main\AndroidManifest.xml:138:17-47
199-->src\main\AndroidManifest.xml:138:23-44
200                <data android:scheme="vnd.youtube.launch" />
200-->src\main\AndroidManifest.xml:138:17-47
200-->src\main\AndroidManifest.xml:138:23-44
201            </intent-filter>
202
203            <!-- Hooktube filter -->
204            <intent-filter>
204-->src\main\AndroidManifest.xml:195:13-214:29
205                <action android:name="android.intent.action.VIEW" />
205-->src\main\AndroidManifest.xml:131:17-69
205-->src\main\AndroidManifest.xml:131:25-66
206                <action android:name="android.media.action.MEDIA_PLAY_FROM_SEARCH" />
206-->src\main\AndroidManifest.xml:132:17-86
206-->src\main\AndroidManifest.xml:132:25-83
207                <action android:name="android.nfc.action.NDEF_DISCOVERED" />
207-->src\main\AndroidManifest.xml:133:17-77
207-->src\main\AndroidManifest.xml:133:25-74
208
209                <category android:name="android.intent.category.DEFAULT" />
209-->src\main\AndroidManifest.xml:80:17-76
209-->src\main\AndroidManifest.xml:80:27-73
210                <category android:name="android.intent.category.BROWSABLE" />
210-->src\main\AndroidManifest.xml:136:17-78
210-->src\main\AndroidManifest.xml:136:27-75
211
212                <data android:scheme="http" />
212-->src\main\AndroidManifest.xml:138:17-47
212-->src\main\AndroidManifest.xml:138:23-44
213                <data android:scheme="https" />
213-->src\main\AndroidManifest.xml:138:17-47
213-->src\main\AndroidManifest.xml:138:23-44
214                <data android:host="hooktube.com" />
214-->src\main\AndroidManifest.xml:138:17-47
215                <data android:host="*.hooktube.com" />
215-->src\main\AndroidManifest.xml:138:17-47
216                <!-- video prefix -->
217                <data android:pathPrefix="/v/" />
217-->src\main\AndroidManifest.xml:138:17-47
218                <data android:pathPrefix="/embed/" />
218-->src\main\AndroidManifest.xml:138:17-47
219                <data android:pathPrefix="/watch" />
219-->src\main\AndroidManifest.xml:138:17-47
220                <!-- channel prefix -->
221                <data android:pathPrefix="/channel/" />
221-->src\main\AndroidManifest.xml:138:17-47
222                <data android:pathPrefix="/user/" />
222-->src\main\AndroidManifest.xml:138:17-47
223            </intent-filter>
224
225            <!-- Invidious filter -->
226            <intent-filter>
226-->src\main\AndroidManifest.xml:217:13-255:29
227                <action android:name="android.intent.action.VIEW" />
227-->src\main\AndroidManifest.xml:131:17-69
227-->src\main\AndroidManifest.xml:131:25-66
228                <action android:name="android.media.action.MEDIA_PLAY_FROM_SEARCH" />
228-->src\main\AndroidManifest.xml:132:17-86
228-->src\main\AndroidManifest.xml:132:25-83
229                <action android:name="android.nfc.action.NDEF_DISCOVERED" />
229-->src\main\AndroidManifest.xml:133:17-77
229-->src\main\AndroidManifest.xml:133:25-74
230
231                <category android:name="android.intent.category.DEFAULT" />
231-->src\main\AndroidManifest.xml:80:17-76
231-->src\main\AndroidManifest.xml:80:27-73
232                <category android:name="android.intent.category.BROWSABLE" />
232-->src\main\AndroidManifest.xml:136:17-78
232-->src\main\AndroidManifest.xml:136:27-75
233
234                <data android:scheme="http" />
234-->src\main\AndroidManifest.xml:138:17-47
234-->src\main\AndroidManifest.xml:138:23-44
235                <data android:scheme="https" />
235-->src\main\AndroidManifest.xml:138:17-47
235-->src\main\AndroidManifest.xml:138:23-44
236                <data android:host="invidio.us" />
236-->src\main\AndroidManifest.xml:138:17-47
237                <data android:host="dev.invidio.us" />
237-->src\main\AndroidManifest.xml:138:17-47
238                <data android:host="www.invidio.us" />
238-->src\main\AndroidManifest.xml:138:17-47
239                <data android:host="redirect.invidious.io" />
239-->src\main\AndroidManifest.xml:138:17-47
240                <data android:host="invidious.snopyta.org" />
240-->src\main\AndroidManifest.xml:138:17-47
241                <data android:host="yewtu.be" />
241-->src\main\AndroidManifest.xml:138:17-47
242                <data android:host="tube.connect.cafe" />
242-->src\main\AndroidManifest.xml:138:17-47
243                <data android:host="invidious.kavin.rocks" />
243-->src\main\AndroidManifest.xml:138:17-47
244                <data android:host="invidious-us.kavin.rocks" />
244-->src\main\AndroidManifest.xml:138:17-47
245                <data android:host="piped.kavin.rocks" />
245-->src\main\AndroidManifest.xml:138:17-47
246                <data android:host="invidious.site" />
246-->src\main\AndroidManifest.xml:138:17-47
247                <data android:host="vid.mint.lgbt" />
247-->src\main\AndroidManifest.xml:138:17-47
248                <data android:host="invidiou.site" />
248-->src\main\AndroidManifest.xml:138:17-47
249                <data android:host="invidious.fdn.fr" />
249-->src\main\AndroidManifest.xml:138:17-47
250                <data android:host="invidious.048596.xyz" />
250-->src\main\AndroidManifest.xml:138:17-47
251                <data android:host="invidious.zee.li" />
251-->src\main\AndroidManifest.xml:138:17-47
252                <data android:host="vid.puffyan.us" />
252-->src\main\AndroidManifest.xml:138:17-47
253                <data android:host="ytprivate.com" />
253-->src\main\AndroidManifest.xml:138:17-47
254                <data android:host="invidious.namazso.eu" />
254-->src\main\AndroidManifest.xml:138:17-47
255                <data android:host="invidious.silkky.cloud" />
255-->src\main\AndroidManifest.xml:138:17-47
256                <data android:host="invidious.exonip.de" />
256-->src\main\AndroidManifest.xml:138:17-47
257                <data android:host="inv.riverside.rocks" />
257-->src\main\AndroidManifest.xml:138:17-47
258                <data android:host="invidious.blamefran.net" />
258-->src\main\AndroidManifest.xml:138:17-47
259                <data android:host="invidious.moomoo.me" />
259-->src\main\AndroidManifest.xml:138:17-47
260                <data android:host="ytb.trom.tf" />
260-->src\main\AndroidManifest.xml:138:17-47
261                <data android:host="yt.cyberhost.uk" />
261-->src\main\AndroidManifest.xml:138:17-47
262                <data android:host="y.com.cm" />
262-->src\main\AndroidManifest.xml:138:17-47
263                <data android:pathPrefix="/" />
263-->src\main\AndroidManifest.xml:138:17-47
264            </intent-filter>
265
266            <!-- Soundcloud filter -->
267            <intent-filter>
267-->src\main\AndroidManifest.xml:258:13-272:29
268                <action android:name="android.intent.action.VIEW" />
268-->src\main\AndroidManifest.xml:131:17-69
268-->src\main\AndroidManifest.xml:131:25-66
269                <action android:name="android.media.action.MEDIA_PLAY_FROM_SEARCH" />
269-->src\main\AndroidManifest.xml:132:17-86
269-->src\main\AndroidManifest.xml:132:25-83
270                <action android:name="android.nfc.action.NDEF_DISCOVERED" />
270-->src\main\AndroidManifest.xml:133:17-77
270-->src\main\AndroidManifest.xml:133:25-74
271
272                <category android:name="android.intent.category.DEFAULT" />
272-->src\main\AndroidManifest.xml:80:17-76
272-->src\main\AndroidManifest.xml:80:27-73
273                <category android:name="android.intent.category.BROWSABLE" />
273-->src\main\AndroidManifest.xml:136:17-78
273-->src\main\AndroidManifest.xml:136:27-75
274
275                <data android:scheme="http" />
275-->src\main\AndroidManifest.xml:138:17-47
275-->src\main\AndroidManifest.xml:138:23-44
276                <data android:scheme="https" />
276-->src\main\AndroidManifest.xml:138:17-47
276-->src\main\AndroidManifest.xml:138:23-44
277                <data android:host="soundcloud.com" />
277-->src\main\AndroidManifest.xml:138:17-47
278                <data android:host="m.soundcloud.com" />
278-->src\main\AndroidManifest.xml:138:17-47
279                <data android:host="www.soundcloud.com" />
279-->src\main\AndroidManifest.xml:138:17-47
280                <data android:pathPrefix="/" />
280-->src\main\AndroidManifest.xml:138:17-47
281            </intent-filter>
282
283            <!-- Share filter -->
284            <intent-filter>
284-->src\main\AndroidManifest.xml:275:13-279:29
285                <action android:name="android.intent.action.SEND" />
285-->src\main\AndroidManifest.xml:276:17-69
285-->src\main\AndroidManifest.xml:276:25-66
286
287                <category android:name="android.intent.category.DEFAULT" />
287-->src\main\AndroidManifest.xml:80:17-76
287-->src\main\AndroidManifest.xml:80:27-73
288
289                <data android:mimeType="text/plain" />
289-->src\main\AndroidManifest.xml:138:17-47
290            </intent-filter>
291
292            <!-- media.ccc.de filter -->
293            <intent-filter>
293-->src\main\AndroidManifest.xml:282:13-298:29
294                <action android:name="android.intent.action.VIEW" />
294-->src\main\AndroidManifest.xml:131:17-69
294-->src\main\AndroidManifest.xml:131:25-66
295                <action android:name="android.media.action.MEDIA_PLAY_FROM_SEARCH" />
295-->src\main\AndroidManifest.xml:132:17-86
295-->src\main\AndroidManifest.xml:132:25-83
296                <action android:name="android.nfc.action.NDEF_DISCOVERED" />
296-->src\main\AndroidManifest.xml:133:17-77
296-->src\main\AndroidManifest.xml:133:25-74
297
298                <category android:name="android.intent.category.DEFAULT" />
298-->src\main\AndroidManifest.xml:80:17-76
298-->src\main\AndroidManifest.xml:80:27-73
299                <category android:name="android.intent.category.BROWSABLE" />
299-->src\main\AndroidManifest.xml:136:17-78
299-->src\main\AndroidManifest.xml:136:27-75
300
301                <data android:scheme="http" />
301-->src\main\AndroidManifest.xml:138:17-47
301-->src\main\AndroidManifest.xml:138:23-44
302                <data android:scheme="https" />
302-->src\main\AndroidManifest.xml:138:17-47
302-->src\main\AndroidManifest.xml:138:23-44
303                <data android:host="media.ccc.de" />
303-->src\main\AndroidManifest.xml:138:17-47
304                <!-- video prefix -->
305                <data android:pathPrefix="/v/" />
305-->src\main\AndroidManifest.xml:138:17-47
306                <!-- channel prefix -->
307                <data android:pathPrefix="/c/" />
307-->src\main\AndroidManifest.xml:138:17-47
308                <data android:pathPrefix="/b/" />
308-->src\main\AndroidManifest.xml:138:17-47
309            </intent-filter>
310
311            <!-- PeerTube filter -->
312            <intent-filter>
312-->src\main\AndroidManifest.xml:301:13-327:29
313                <action android:name="android.intent.action.VIEW" />
313-->src\main\AndroidManifest.xml:131:17-69
313-->src\main\AndroidManifest.xml:131:25-66
314                <action android:name="android.media.action.MEDIA_PLAY_FROM_SEARCH" />
314-->src\main\AndroidManifest.xml:132:17-86
314-->src\main\AndroidManifest.xml:132:25-83
315                <action android:name="android.nfc.action.NDEF_DISCOVERED" />
315-->src\main\AndroidManifest.xml:133:17-77
315-->src\main\AndroidManifest.xml:133:25-74
316
317                <category android:name="android.intent.category.DEFAULT" />
317-->src\main\AndroidManifest.xml:80:17-76
317-->src\main\AndroidManifest.xml:80:27-73
318                <category android:name="android.intent.category.BROWSABLE" />
318-->src\main\AndroidManifest.xml:136:17-78
318-->src\main\AndroidManifest.xml:136:27-75
319
320                <data android:scheme="http" />
320-->src\main\AndroidManifest.xml:138:17-47
320-->src\main\AndroidManifest.xml:138:23-44
321                <data android:scheme="https" />
321-->src\main\AndroidManifest.xml:138:17-47
321-->src\main\AndroidManifest.xml:138:23-44
322                <data android:host="framatube.org" />
322-->src\main\AndroidManifest.xml:138:17-47